[35m[Appium][39m Welcome to Appium v1.8.1
[35m[Appium][39m Non-default server args:
[35m[Appium][39m   port: 64626
[35m[Appium][39m   loglevel: info
[35m[Appium][39m   chromeDriverPort: 64628
[35m[Appium][39m   tmpDir: C:\Users\dgpl\AppData\Local\Temp\\Katalon\Appium\Temp1552643398442
[35m[Appium][39m Appium REST http interface listener started on 0.0.0.0:64626
[35m[HTTP][39m [37m-->[39m [37mGET[39m [37m/wd/hub/status[39m
[35m[HTTP][39m [90m{}[39m
[35m[HTTP][39m [37m<-- GET /wd/hub/status [39m[32m200[39m [90m12 ms - 83[39m
[35m[HTTP][39m [90m[39m
[35m[HTTP][39m [37m-->[39m [37mGET[39m [37m/wd/hub/status[39m
[35m[HTTP][39m [90m{}[39m
[35m[HTTP][39m [37m<-- GET /wd/hub/status [39m[32m200[39m [90m5 ms - 83[39m
[35m[HTTP][39m [90m[39m
[35m[HTTP][39m [37m-->[39m [37mPOST[39m [37m/wd/hub/session[39m
[35m[HTTP][39m [90m{"desiredCapabilities":{"app":"C:\\Users\\dgpl\\Desktop\\ProdCloneDev.apk","autoGrantPermissions":true,"deviceName":"motorola MotoE2(4G-LTE) (Android 6.0)","fullReset":false,"newCommandTimeout":1800,"noReset":true,"platform":"ANDROID","platformName":"Android","udid":"T03850AU61"},"capabilities":{"desiredCapabilities":{"app":"C:\\Users\\dgpl\\Desktop\\ProdCloneDev.apk","autoGrantPermissions":true,"deviceName":"motorola MotoE2(4G-LTE) (Android 6.0)","fullReset":false,"newCommandTimeout":1800,"noReset":true,"platform":"ANDROID","platformName":"Android","udid":"T03850AU61"},"firstMatch":[{"platformName":"android"}]}}[39m
[35m[Appium][39m Could not parse W3C capabilities: 'deviceName' can't be blank. Falling back to JSONWP protocol.
[35m[Appium][39m The following capabilities were provided in the JSONWP desired capabilities that are missing in W3C capabilities: ["app","autoGrantPermissions","deviceName","fullReset","newCommandTimeout","noReset","platform","platformName","udid"]. Falling back to JSONWP protocol.
[35m[Appium][39m Creating new AndroidDriver (v2.7.0) session
[35m[Appium][39m Capabilities:
[35m[Appium][39m   app: C:\Users\dgpl\Desktop\ProdCloneDev.apk
[35m[Appium][39m   autoGrantPermissions: true
[35m[Appium][39m   deviceName: motorola MotoE2(4G-LTE) (Android 6.0)
[35m[Appium][39m   fullReset: false
[35m[Appium][39m   newCommandTimeout: 1800
[35m[Appium][39m   noReset: true
[35m[Appium][39m   platform: ANDROID
[35m[Appium][39m   platformName: Android
[35m[Appium][39m   udid: T03850AU61
[35m[BaseDriver][39m The following capabilities were provided, but are not recognized by appium: platform.
[35m[BaseDriver][39m Session created with session id: e97064d0-6e48-4a2e-b6b3-03b28ab0710a
[35m[AndroidDriver][39m Java version is: 1.8.0_181
[35m[ADB][39m Checking whether adb is present
[35m[ADB][39m Found 1 'build-tools' folders under 'C:\Users\dgpl\.katalon\tools\android_sdk' (newest first):
[35m[ADB][39m     C:/Users/dgpl/.katalon/tools/android_sdk/build-tools/28.0.2
[35m[ADB][39m Using adb.exe from C:\Users\dgpl\.katalon\tools\android_sdk\platform-tools\adb.exe
[35m[AndroidDriver][39m Retrieving device list
[35m[AndroidDriver][39m Using device: T03850AU61
[35m[BaseDriver][39m Using local app 'C:\Users\dgpl\Desktop\ProdCloneDev.apk'
[35m[AndroidDriver][39m Starting Android session
[35m[ADB][39m Checking whether aapt is present
[35m[ADB][39m Using aapt.exe from C:\Users\dgpl\.katalon\tools\android_sdk\build-tools\28.0.2\aapt.exe
[35m[AndroidDriver][39m setDeviceLanguageCountry requires language or country.
[35m[AndroidDriver][39m Got language: 'null' and country: 'null'
[35m[ADB][39m Getting device platform version
[35m[ADB][39m Using the alternative activity name detection method because of: Could not find apkanalyzer.bat in C:\Users\dgpl\.katalon\tools\android_sdk\platform-tools\apkanalyzer.bat,C:\Users\dgpl\.katalon\tools\android_sdk\emulator\apkanalyzer.bat,C:\Users\dgpl\.katalon\tools\android_sdk\tools\apkanalyzer.bat,C:\Users\dgpl\.katalon\tools\android_sdk\tools\bin\apkanalyzer.bat,C:\Users\dgpl\.katalon\tools\android_sdk\build-tools\28.0.2\apkanalyzer.bat. Do you have the Android SDK installed at 'C:\Users\dgpl\.katalon\tools\android_sdk'?
[35m[ADB][39m Extracting package and launch activity from manifest
[35m[ADB][39m Package name: 'com.licious'
[35m[ADB][39m Main activity name: 'com.licious.intro.activity.SplashActivity'
[35m[ADB][39m Successfully extracted 440 strings from 'C:\Users\dgpl\Desktop\ProdCloneDev.apk' resources for '(default)' configuration
[35m[ADB][39m Cannot kill process 28062 in 1000 ms. Trying to force kill...
[35m[AndroidBootstrap][39m Android bootstrap socket is now connected
[35m[AndroidDriver][39m Screen already unlocked, doing nothing
[35m[Appium][39m New AndroidDriver session created successfully, session e97064d0-6e48-4a2e-b6b3-03b28ab0710a added to master session list
[35m[HTTP][39m [37m<-- POST /wd/hub/session [39m[32m200[39m [90m18789 ms - 1065[39m
[35m[HTTP][39m [90m[39m
[35m[HTTP][39m [37m-->[39m [37mGET[39m [37m/wd/hub/status[39m
[35m[HTTP][39m [90m{}[39m
[35m[HTTP][39m [37m<-- GET /wd/hub/status [39m[32m200[39m [90m25 ms - 55[39m
[35m[HTTP][39m [90m[39m
[35m[HTTP][39m [37m-->[39m [37mPOST[39m [37m/wd/hub/session/e97064d0-6e48-4a2e-b6b3-03b28ab0710a/timeouts[39m
[35m[HTTP][39m [90m{"type":"implicit","ms":60000}[39m
[35m[HTTP][39m [37m<-- POST /wd/hub/session/e97064d0-6e48-4a2e-b6b3-03b28ab0710a/timeouts [39m[33m400[39m [90m46 ms - 5276[39m
[35m[HTTP][39m [90m[39m
[35m[HTTP][39m [37m-->[39m [37mGET[39m [37m/wd/hub/session/e97064d0-6e48-4a2e-b6b3-03b28ab0710a/source[39m
[35m[HTTP][39m [90m{}[39m
[35m[HTTP][39m [37m<-- GET /wd/hub/session/e97064d0-6e48-4a2e-b6b3-03b28ab0710a/source [39m[32m200[39m [90m519 ms - 3101[39m
[35m[HTTP][39m [90m[39m
[35m[HTTP][39m [37m-->[39m [37mGET[39m [37m/wd/hub/session/e97064d0-6e48-4a2e-b6b3-03b28ab0710a/screenshot[39m
[35m[HTTP][39m [90m{}[39m
[35m[HTTP][39m [37m<-- GET /wd/hub/session/e97064d0-6e48-4a2e-b6b3-03b28ab0710a/screenshot [39m[32m200[39m [90m1029 ms - 44458[39m
[35m[HTTP][39m [90m[39m
[35m[HTTP][39m [37m-->[39m [37mGET[39m [37m/wd/hub/session/e97064d0-6e48-4a2e-b6b3-03b28ab0710a/source[39m
[35m[HTTP][39m [90m{}[39m
[35m[HTTP][39m [37m<-- GET /wd/hub/session/e97064d0-6e48-4a2e-b6b3-03b28ab0710a/source [39m[32m200[39m [90m145 ms - 33217[39m
[35m[HTTP][39m [90m[39m
[35m[HTTP][39m [37m-->[39m [37mGET[39m [37m/wd/hub/session/e97064d0-6e48-4a2e-b6b3-03b28ab0710a/screenshot[39m
[35m[HTTP][39m [90m{}[39m
[35m[HTTP][39m [37m<-- GET /wd/hub/session/e97064d0-6e48-4a2e-b6b3-03b28ab0710a/screenshot [39m[32m200[39m [90m839 ms - 110102[39m
[35m[HTTP][39m [90m[39m
[35m[HTTP][39m [37m-->[39m [37mGET[39m [37m/wd/hub/session/e97064d0-6e48-4a2e-b6b3-03b28ab0710a/source[39m
[35m[HTTP][39m [90m{}[39m
[35m[HTTP][39m [37m<-- GET /wd/hub/session/e97064d0-6e48-4a2e-b6b3-03b28ab0710a/source [39m[32m200[39m [90m179 ms - 37626[39m
[35m[HTTP][39m [90m[39m
[35m[HTTP][39m [37m-->[39m [37mGET[39m [37m/wd/hub/session/e97064d0-6e48-4a2e-b6b3-03b28ab0710a/screenshot[39m
[35m[HTTP][39m [90m{}[39m
[35m[HTTP][39m [37m<-- GET /wd/hub/session/e97064d0-6e48-4a2e-b6b3-03b28ab0710a/screenshot [39m[32m200[39m [90m782 ms - 116454[39m
[35m[HTTP][39m [90m[39m
[35m[HTTP][39m [37m-->[39m [37mDELETE[39m [37m/wd/hub/session/e97064d0-6e48-4a2e-b6b3-03b28ab0710a[39m
[35m[HTTP][39m [90m{}[39m
[35m[Appium][39m Removing session e97064d0-6e48-4a2e-b6b3-03b28ab0710a from our master session list
[35m[ADB][39m No uiautomator process found to kill, continuing...
[35m[HTTP][39m [37m<-- DELETE /wd/hub/session/e97064d0-6e48-4a2e-b6b3-03b28ab0710a [39m[32m200[39m [90m5453 ms - 76[39m
[35m[HTTP][39m [90m[39m
